DongtuStoreSDK-Android-2.2.1/build/outputs/logs/manifest-merger-release-report.txt
-- Merging decision tree log ---
manifest
ADDED from src/main/AndroidManifest.xml:2:1-34:12
INJECTED from src/main/AndroidManifest.xml:2:1-34:12
INJECTED from src/main/AndroidManifest.xml:2:1-34:12
	package
		ADDED from src/main/AndroidManifest.xml:3:5-31
		INJECTED from src/main/AndroidManifest.xml
		INJECTED from src/main/AndroidManifest.xml
	xmlns:android
		ADDED from src/main/AndroidManifest.xml:2:11-69
uses-permission#android.permission.INTERNET
ADDED from src/main/AndroidManifest.xml:5:5-67
	android:name
		ADDED from src/main/AndroidManifest.xml:5:22-64
application
ADDED from src/main/AndroidManifest.xml:6:5-33:19
activity#com.dongtu.store.activity.DTStorePackageListActivity
ADDED from src/main/AndroidManifest.xml:7:9-9:52
	android:screenOrientation
		ADDED from src/main/AndroidManifest.xml:9:13-49
	android:name
		ADDED from src/main/AndroidManifest.xml:8:13-80
activity#com.dongtu.store.activity.DTStoreAuthorHomepageActivity
ADDED from src/main/AndroidManifest.xml:10:9-12:52
	android:screenOrientation
		ADDED from src/main/AndroidManifest.xml:12:13-49
	android:name
		ADDED from src/main/AndroidManifest.xml:11:13-83
activity#com.dongtu.store.activity.DTStoreEmojiDetailActivity
ADDED from src/main/AndroidManifest.xml:13:9-15:52
	android:screenOrientation
		ADDED from src/main/AndroidManifest.xml:15:13-49
	android:name
		ADDED from src/main/AndroidManifest.xml:14:13-80
activity#com.dongtu.store.activity.DTStorePackageDetailActivity
ADDED from src/main/AndroidManifest.xml:16:9-18:52
	android:screenOrientation
		ADDED from src/main/AndroidManifest.xml:18:13-49
	android:name
		ADDED from src/main/AndroidManifest.xml:17:13-82
activity#com.dongtu.store.activity.DTStorePackageSettingActivity
ADDED from src/main/AndroidManifest.xml:19:9-21:52
	android:screenOrientation
		ADDED from src/main/AndroidManifest.xml:21:13-49
	android:name
		ADDED from src/main/AndroidManifest.xml:20:13-83
activity#com.dongtu.store.activity.DTStorePackageSortingActivity
ADDED from src/main/AndroidManifest.xml:22:9-24:52
	android:screenOrientation
		ADDED from src/main/AndroidManifest.xml:24:13-49
	android:name
		ADDED from src/main/AndroidManifest.xml:23:13-83
activity#com.dongtu.store.activity.DTStoreServiceDeclarationActivity
ADDED from src/main/AndroidManifest.xml:25:9-27:52
	android:screenOrientation
		ADDED from src/main/AndroidManifest.xml:27:13-49
	android:name
		ADDED from src/main/AndroidManifest.xml:26:13-87
activity#com.dongtu.sdk.activity.ImageDetail
ADDED from src/main/AndroidManifest.xml:28:9-30:63
	android:theme
		ADDED from src/main/AndroidManifest.xml:30:13-60
	android:name
		ADDED from src/main/AndroidManifest.xml:29:13-63
activity#com.dongtu.sdk.activity.DTWebViewActivity
ADDED from src/main/AndroidManifest.xml:31:9-32:63
	android:theme
		ADDED from src/main/AndroidManifest.xml:32:13-60
	android:name
		ADDED from src/main/AndroidManifest.xml:31:19-75
uses-sdk
INJECTED from src/main/AndroidManifest.xml reason: use-sdk injection requested
INJECTED from src/main/AndroidManifest.xml
INJECTED from src/main/AndroidManifest.xml
INJECTED from src/main/AndroidManifest.xml
INJECTED from src/main/AndroidManifest.xml
	android:targetSdkVersion
		INJECTED from src/main/AndroidManifest.xml
		ADDED from src/main/AndroidManifest.xml
		INJECTED from src/main/AndroidManifest.xml
	android:minSdkVersion
		INJECTED from src/main/AndroidManifest.xml
		ADDED from src/main/AndroidManifest.xml
		INJECTED from src/main/AndroidManifest.xml